<?xml version="1.0" encoding="UTF-8"?>
<!-- Generated by org.testng.reporters.JUnitReportReporter -->
<testsuite skipped="0" hostname="Sheroziys-MacBook-Pro.local" name="com.app.runners.CukesRunner" tests="1" failures="0" timestamp="14 Jun 2018 00:02:44 GMT" time="3.022" errors="0">
  <testcase name="runScenario" time="3.022" classname="com.app.runners.CukesRunner"/>
</testsuite> <!-- com.app.runners.CukesRunner -->
